Is not trading time ag1712, 20171110-00:00:00.0 > 1510156800 > 1510243187 > 86387
Is not trading time al1801, 20171110-00:00:00.0 > 1510156800 > 1510243187 > 86387
Is not trading time au1712, 20171110-00:00:00.0 > 1510156800 > 1510243187 > 86387
Is not trading time ni1801, 20171110-00:00:00.0 > 1510156800 > 1510243187 > 86387
Is not trading time ag1712, 20171110-00:00:00.500 > 1510156800 > 1510243187 > 86387
Is not trading time al1801, 20171110-00:00:00.500 > 1510156800 > 1510243187 > 86387
Is not trading time au1712, 20171110-00:00:00.500 > 1510156800 > 1510243187 > 86387
Is not trading time cu1712, 20171110-00:00:00.500 > 1510156800 > 1510243187 > 86387
Is not trading time ni1801, 20171110-00:00:00.500 > 1510156800 > 1510243187 > 86387
Is not trading time ag1712, 20171110-00:00:01.0 > 1510156801 > 1510243188 > 86387
Is not trading time au1712, 20171110-00:00:01.0 > 1510156801 > 1510243188 > 86387
Is not trading time cu1712, 20171110-00:00:01.0 > 1510156801 > 1510243188 > 86387
Is not trading time ni1801, 20171110-00:00:01.0 > 1510156801 > 1510243188 > 86387
Is not trading time ag1712, 20171110-00:00:01.500 > 1510156801 > 1510243188 > 86387
Is not trading time al1801, 20171110-00:00:01.500 > 1510156801 > 1510243188 > 86387
Is not trading time ni1801, 20171110-00:00:01.500 > 1510156801 > 1510243188 > 86387
Is not trading time ag1712, 20171110-00:00:02.0 > 1510156802 > 1510243189 > 86387
Is not trading time al1801, 20171110-00:00:02.0 > 1510156802 > 1510243189 > 86387
Is not trading time ni1801, 20171110-00:00:02.0 > 1510156802 > 1510243189 > 86387
Is not trading time ag1712, 20171110-00:00:02.500 > 1510156802 > 1510243189 > 86387
Is not trading time al1801, 20171110-00:00:02.500 > 1510156802 > 1510243189 > 86387
Is not trading time au1712, 20171110-00:00:02.500 > 1510156802 > 1510243189 > 86387
Is not trading time ni1801, 20171110-00:00:02.500 > 1510156802 > 1510243189 > 86387
Is not trading time zn1801, 20171110-00:00:03.0 > 1510156803 > 1510243190 > 86387
Is not trading time ag1712, 20171110-00:00:03.0 > 1510156803 > 1510243190 > 86387
Is not trading time al1801, 20171110-00:00:03.0 > 1510156803 > 1510243190 > 86387
Is not trading time au1712, 20171110-00:00:03.0 > 1510156803 > 1510243190 > 86387
Is not trading time ni1801, 20171110-00:00:03.0 > 1510156803 > 1510243190 > 86387
Is not trading time pb1712, 20171110-00:00:03.0 > 1510156803 > 1510243190 > 86387
Is not trading time zn1801, 20171110-00:00:03.500 > 1510156803 > 1510243190 > 86387
Is not trading time al1801, 20171110-00:00:03.500 > 1510156803 > 1510243190 > 86387
Is not trading time au1712, 20171110-00:00:03.500 > 1510156803 > 1510243190 > 86387
Is not trading time ni1801, 20171110-00:00:03.500 > 1510156803 > 1510243190 > 86387
Is not trading time pb1712, 20171110-00:00:03.500 > 1510156803 > 1510243190 > 86387
Is not trading time zn1801, 20171110-00:00:04.0 > 1510156804 > 1510243191 > 86387
Is not trading time pb1712, 20171110-00:00:04.0 > 1510156804 > 1510243191 > 86387
Is not trading time zn1801, 20171110-00:00:04.500 > 1510156804 > 1510243191 > 86387
Is not trading time cu1712, 20171110-00:00:04.500 > 1510156804 > 1510243191 > 86387
Is not trading time ni1801, 20171110-00:00:04.500 > 1510156804 > 1510243191 > 86387
Is not trading time ag1712, 20171110-00:00:05.0 > 1510156805 > 1510243192 > 86387
Is not trading time al1801, 20171110-00:00:05.0 > 1510156805 > 1510243192 > 86387
Is not trading time al1801, 20171110-00:00:05.500 > 1510156805 > 1510243192 > 86387
Is not trading time au1712, 20171110-00:00:05.500 > 1510156805 > 1510243192 > 86387
Is not trading time cu1712, 20171110-00:00:05.500 > 1510156805 > 1510243192 > 86387
Is not trading time zn1801, 20171110-00:00:06.0 > 1510156806 > 1510243193 > 86387
Is not trading time ag1712, 20171110-00:00:06.0 > 1510156806 > 1510243193 > 86387
Is not trading time al1801, 20171110-00:00:06.0 > 1510156806 > 1510243193 > 86387
Is not trading time au1712, 20171110-00:00:06.0 > 1510156806 > 1510243193 > 86387
Is not trading time ag1712, 20171110-00:00:06.500 > 1510156806 > 1510243193 > 86387
Is not trading time al1801, 20171110-00:00:06.500 > 1510156806 > 1510243193 > 86387
Is not trading time zn1801, 20171110-00:00:07.0 > 1510156807 > 1510243194 > 86387
Is not trading time ag1712, 20171110-00:00:07.0 > 1510156807 > 1510243194 > 86387
Is not trading time al1801, 20171110-00:00:07.0 > 1510156807 > 1510243194 > 86387
Is not trading time ag1712, 20171110-00:00:07.500 > 1510156807 > 1510243194 > 86387
Is not trading time al1801, 20171110-00:00:07.500 > 1510156807 > 1510243194 > 86387
Is not trading time zn1801, 20171110-00:00:08.0 > 1510156808 > 1510243195 > 86387
Is not trading time ag1712, 20171110-00:00:08.0 > 1510156808 > 1510243195 > 86387
Is not trading time al1801, 20171110-00:00:08.0 > 1510156808 > 1510243195 > 86387
Is not trading time ni1801, 20171110-00:00:08.0 > 1510156808 > 1510243195 > 86387
Is not trading time zn1801, 20171110-00:00:08.500 > 1510156808 > 1510243195 > 86387
Is not trading time ag1712, 20171110-00:00:08.500 > 1510156808 > 1510243195 > 86387
Is not trading time al1801, 20171110-00:00:08.500 > 1510156808 > 1510243195 > 86387
Is not trading time ni1801, 20171110-00:00:08.500 > 1510156808 > 1510243195 > 86387
Is not trading time zn1801, 20171110-00:00:09.0 > 1510156809 > 1510243196 > 86387
Is not trading time al1801, 20171110-00:00:09.0 > 1510156809 > 1510243196 > 86387
Is not trading time au1712, 20171110-00:00:09.0 > 1510156809 > 1510243196 > 86387
Is not trading time al1801, 20171110-00:00:09.500 > 1510156809 > 1510243196 > 86387
Is not trading time pb1712, 20171110-00:00:09.500 > 1510156809 > 1510243196 > 86387
Is not trading time al1801, 20171110-00:00:10.0 > 1510156810 > 1510243197 > 86387
Is not trading time cu1712, 20171110-00:00:10.0 > 1510156810 > 1510243197 > 86387
Is not trading time pb1712, 20171110-00:00:10.0 > 1510156810 > 1510243197 > 86387
Is not trading time zn1801, 20171110-00:00:10.500 > 1510156810 > 1510243197 > 86387
Is not trading time cu1712, 20171110-00:00:10.500 > 1510156810 > 1510243197 > 86387
Is not trading time ni1801, 20171110-00:00:10.500 > 1510156810 > 1510243197 > 86387
Is not trading time pb1712, 20171110-00:00:10.500 > 1510156810 > 1510243197 > 86387
Is not trading time zn1801, 20171110-00:00:11.0 > 1510156811 > 1510243198 > 86387
Is not trading time al1801, 20171110-00:00:11.0 > 1510156811 > 1510243198 > 86387
Is not trading time cu1712, 20171110-00:00:11.0 > 1510156811 > 1510243198 > 86387
Is not trading time ni1801, 20171110-00:00:11.0 > 1510156811 > 1510243198 > 86387
Is not trading time pb1712, 20171110-00:00:11.0 > 1510156811 > 1510243198 > 86387
Is not trading time zn1801, 20171110-00:00:11.500 > 1510156811 > 1510243198 > 86387
Is not trading time ni1801, 20171110-00:00:11.500 > 1510156811 > 1510243198 > 86387
Is not trading time zn1801, 20171110-00:00:12.0 > 1510156812 > 1510243199 > 86387
Is not trading time al1801, 20171110-00:00:12.0 > 1510156812 > 1510243199 > 86387
Is not trading time cu1712, 20171110-00:00:12.0 > 1510156812 > 1510243199 > 86387
Is not trading time ni1801, 20171110-00:00:12.0 > 1510156812 > 1510243199 > 86387
Is not trading time zn1801, 20171110-00:00:12.500 > 1510156812 > 1510243199 > 86387
Is not trading time ag1712, 20171110-00:00:12.500 > 1510156812 > 1510243199 > 86387
Is not trading time al1801, 20171110-00:00:12.500 > 1510156812 > 1510243199 > 86387
Is not trading time cu1712, 20171110-00:00:12.500 > 1510156812 > 1510243199 > 86387
Is not trading time ni1801, 20171110-00:00:12.500 > 1510156812 > 1510243199 > 86387
                                

